2022-06-10 14:50:05.940058: W tensorflow/stream_executor/platform/default/dso_loader.cc:64] Could not load dynamic library 'libcudart.so.11.0'; dlerror: libcudart.so.11.0: cannot open shared object file: No such file or directory; LD_LIBRARY_PATH: /panfs/roc/msisoft/proj/4.9.3/lib/proj4/lib:/panfs/roc/msisoft/R/3.3.3/lib64/R/lib:/panfs/roc/msisoft/R/3.3.3/lib64:/panfs/roc/msisoft/curl/7.49.1_gcc6.1.0/lib:/panfs/roc/msisoft/xz-utils/5.2.2_gcc6.1.0/lib:/panfs/roc/msisoft/pcre/8.38_gcc6.1.0/lib:/panfs/roc/msisoft/bzip2/1.0.6-gnu6.1.0_PIC/lib:/panfs/roc/msisoft/zlib/1.2.8_gcc6.1.0/lib:/panfs/roc/msisoft/isl/0.16.1_gcc6.1.0/lib:/panfs/roc/msisoft/mpc/1.0.3_gcc6.1.0/lib:/panfs/roc/msisoft/mpfr/3.1.4-p1_gcc6.1.0/lib:/panfs/roc/msisoft/gmp/6.1.0_gcc6.1.0/lib:/panfs/roc/msisoft/gdal/2.3.2/lib:/home/moeller/shared/proj/4.9.1/lib:/home/moeller/shared/geos/3.6.1/lib:/panfs/roc/msisoft/proj/4.9.3/lib/proj4/lib::/panfs/roc/msisoft/gsl/2.3/lib:/panfs/roc/msisoft/gcc/6.1.0/lib64:/panfs/roc/msisoft/gsl/2.3/lib
2022-06-10 14:50:05.940119: I tensorflow/stream_executor/cuda/cudart_stub.cc:29] Ignore above cudart dlerror if you do not have a GPU set up on your machine.
2.9.1
((-116.976099, 47.904682), (-116.976099, 46.904682), (-115.976099, 47.904682), (-115.976099, 46.904682))
Found Cloud Storage bucket.
Tile 1
((-116.976099, 47.904682), (-116.976099, 46.904682), (-115.976099, 47.904682), (-115.976099, 46.904682))
Number of Points within AOI (Count):  2175

Polling for training (id: READY).
Polling for validation (id: READY).
Polling for testing (id: READY).
Polling for training (id: READY).
Polling for validation (id: READY).
Polling for testing (id: READY).
Polling for training (id: READY).
Polling for validation (id: READY).
Polling for testing (id: READY).
Polling for training (id: RUNNING).
Polling for validation (id: READY).
Polling for testing (id: READY).
Polling for training (id: RUNNING).
Polling for validation (id: READY).
Polling for testing (id: READY).
Polling for training (id: COMPLETED).
Polling for validation (id: READY).
Polling for testing (id: READY).
Polling for training (id: COMPLETED).
Polling for validation (id: COMPLETED).
Polling for testing (id: READY).
Polling for training (id: COMPLETED).
Polling for validation (id: COMPLETED).
Polling for testing (id: READY).
Polling for training (id: COMPLETED).
Polling for validation (id: COMPLETED).
Polling for testing (id: READY).
Polling for training (id: COMPLETED).
Polling for validation (id: COMPLETED).
Polling for testing (id: READY).
Polling for training (id: COMPLETED).
Polling for validation (id: COMPLETED).
Polling for testing (id: READY).
Polling for training (id: COMPLETED).
Polling for validation (id: COMPLETED).
Polling for testing (id: RUNNING).
Polling for training (id: COMPLETED).
Polling for validation (id: COMPLETED).
Polling for testing (id: RUNNING).
Polling for training (id: COMPLETED).
Polling for validation (id: COMPLETED).
Polling for testing (id: RUNNING).
Polling for training (id: COMPLETED).
Polling for validation (id: COMPLETED).
Polling for testing (id: RUNNING).
Polling for training (id: COMPLETED).
Polling for validation (id: COMPLETED).
Polling for testing (id: RUNNING).
Polling for training (id: COMPLETED).
Polling for validation (id: COMPLETED).
Polling for testing (id: RUNNING).
Data Task Export Finished
